Compose can now delegate builds to bake for better performance.
 To do so, set COMPOSE_BAKE=true.
#0 building with "desktop-linux" instance using docker driver

#1 [app internal] load build definition from Dockerfile
#1 transferring dockerfile: 765B done
#1 DONE 0.0s

#2 [app internal] load metadata for docker.io/library/python:3.11-slim
#2 DONE 0.3s

#3 [app internal] load .dockerignore
#3 transferring context: 191B done
#3 DONE 0.0s

#4 [app build 1/6] FROM docker.io/library/python:3.11-slim@sha256:e4676722fba839e2e5cdb844a52262b43e90e56dbd55b7ad953ee3615ad7534f
#4 resolve docker.io/library/python:3.11-slim@sha256:e4676722fba839e2e5cdb844a52262b43e90e56dbd55b7ad953ee3615ad7534f 0.0s done
#4 DONE 0.0s

#5 [app internal] load build context
#5 transferring context: 141.50kB 0.1s done
#5 DONE 0.1s

#6 [app build 3/6] COPY requirements.txt requirements-dev.txt ./
#6 CACHED

#7 [app build 2/6] WORKDIR /app
#7 CACHED

#8 [app build 4/6] RUN pip install --no-cache-dir -r requirements.txt -r requirements-dev.txt
#8 CACHED

#9 [app build 5/6] COPY . .
#9 DONE 0.1s

#10 [app build 6/6] RUN pytest -q
#10 1.195 ..............                                                           [100%]
#10 4.131 =============================== warnings summary ===============================
#10 4.131 ../usr/local/lib/python3.11/site-packages/starlette/formparsers.py:12
#10 4.131   /usr/local/lib/python3.11/site-packages/starlette/formparsers.py:12: PendingDeprecationWarning: Please use `import python_multipart` instead.
#10 4.131     import multipart
#10 4.131
#10 4.131 ../usr/local/lib/python3.11/site-packages/passlib/utils/__init__.py:854
#10 4.131   /usr/local/lib/python3.11/site-packages/passlib/utils/__init__.py:854: DeprecationWarning: 'crypt' is deprecated and slated for removal in Python 3.13
#10 4.131     from crypt import crypt as _crypt
#10 4.131
#10 4.131 -- Docs: https://docs.pytest.org/en/stable/how-to/capture-warnings.html
#10 4.131 14 passed, 2 warnings in 3.54s
#10 DONE 4.2s

#11 [app stage-1 3/7] RUN useradd -m appuser
#11 CACHED

#12 [app stage-1 4/7] COPY --from=build /usr/local/lib/python3.11 /usr/local/lib/python3.11
#12 CACHED

#13 [app stage-1 5/7] COPY --from=build /usr/local/bin /usr/local/bin
#13 CACHED

#14 [app stage-1 6/7] COPY . .
#14 DONE 0.1s

#15 [app stage-1 7/7] RUN mkdir -p /app/data     && chown -R appuser:appuser /app     && chmod -R 755 /app
#15 DONE 0.7s

#16 [app] exporting to image
#16 exporting layers
#16 exporting layers 0.4s done
#16 exporting manifest sha256:b7370d9c4a3057ff87897b5ee3d3abf0fc0a8178a0a627288f506947b66559b6 done
#16 exporting config sha256:a5a43078e8b5658ef0a20dece0db2111ca806cc4862f555db5ad1d39dc2da741 done
#16 exporting attestation manifest sha256:7aa3df89652503a450258df95294f3696925d64ce551f188b131adaec6daa3c7 done
#16 exporting manifest list sha256:3bea5c82c4def7e8bda770fdeb3dc1156ca7804ce1445d9219b0b0a2a946f56b done
#16 naming to docker.io/library/secdev-course-project-novivan-app:latest done
#16 unpacking to docker.io/library/secdev-course-project-novivan-app:latest
#16 unpacking to docker.io/library/secdev-course-project-novivan-app:latest 0.2s done
#16 DONE 0.6s

#17 [app] resolving provenance for metadata file
#17 DONE 0.0s
 app  Built
 Container secdev-course-project-novivan-app-1  Recreate
 Container secdev-course-project-novivan-app-1  Recreated
 Container secdev-course-project-novivan-app-1  Starting
 Container secdev-course-project-novivan-app-1  Started
 Container secdev-course-project-novivan-app-1  Waiting
container secdev-course-project-novivan-app-1 is unhealthy
